<?xml version="1.0" encoding="UTF-8"?>
<testng-results ignored="0" total="1" passed="1" failed="0" skipped="0">
  <reporter-output>
  </reporter-output>
  <suite started-at="2024-01-20T23:00:30 IST" name="Default suite" finished-at="2024-01-20T23:01:35 IST" duration-ms="64481">
    <groups>
    </groups>
    <test started-at="2024-01-20T23:00:30 IST" name="Default test" finished-at="2024-01-20T23:01:35 IST" duration-ms="64481">
      <class name="com.testLayer.Sample">
        <test-method signature="launch()[pri:0, instance:com.testLayer.Sample@6f1de4c7]" started-at="2024-01-20T23:00:30 IST" name="launch" finished-at="2024-01-20T23:01:35 IST" duration-ms="64280" status="PASS">
          <reporter-output>
          </reporter-output>
        </test-method> <!-- launch -->
      </class> <!-- com.testLayer.Sample -->
    </test> <!-- Default test -->
  </suite> <!-- Default suite -->
</testng-results>
